<?xml version="1.0" encoding="UTF-8"?>
<!-- Generated by org.testng.reporters.JUnitReportReporter -->
<testsuite skipped="0" hostname="DESKTOP-9FQ5FG2" name="com.qa.barcode.BarCodeAutomation" tests="1" failures="0" timestamp="21 Jul 2020 20:54:46 GMT" time="22.910" errors="0">
  <testcase name="barcodeAutomation" time="22.910" classname="com.qa.barcode.BarCodeAutomation"/>
</testsuite> <!-- com.qa.barcode.BarCodeAutomation -->
